\BOOKMARK [1][-]{section.1}{\376\377\000A\000b\000s\000t\000r\000a\000c\000t}{}% 1
\BOOKMARK [1][-]{section.2}{\376\377\000A\000c\000k\000n\000o\000w\000l\000e\000d\000g\000e\000m\000e\000n\000t\000s}{}% 2
\BOOKMARK [1][-]{section.3}{\376\377\000I\000n\000t\000r\000o\000d\000u\000c\000t\000i\000o\000n}{}% 3
\BOOKMARK [1][-]{section.4}{\376\377\000L\000i\000t\000e\000r\000a\000t\000u\000r\000e\000\040\000R\000e\000v\000i\000e\000w}{}% 4
\BOOKMARK [2][-]{subsection.4.1}{\376\377\000A\000u\000t\000o\000m\000a\000t\000i\000c\000\040\000S\000p\000e\000e\000c\000h\000\040\000E\000m\000o\000t\000i\000o\000n\000\040\000R\000e\000c\000o\000g\000n\000i\000t\000i\000o\000n\000\040\000U\000s\000i\000n\000g\000\040\000M\000a\000c\000h\000i\000n\000e\000\040\000L\000e\000a\000r\000n\000i\000n\000g}{section.4}% 5
\BOOKMARK [2][-]{subsection.4.2}{\376\377\000A\000\040\000C\000N\000N\000-\000A\000s\000s\000i\000s\000t\000e\000d\000\040\000E\000n\000h\000a\000n\000c\000e\000d\000\040\000A\000u\000d\000i\000o\000\040\000S\000i\000g\000n\000a\000l\000\040\000P\000r\000o\000c\000e\000s\000s\000i\000n\000g\000\040\000f\000o\000r\000\040\000S\000p\000e\000e\000c\000h\000\040\000E\000m\000o\000t\000i\000o\000n\000\040\000R\000e\000c\000o\000g\000n\000i\000t\000i\000o\000n}{section.4}% 6
\BOOKMARK [2][-]{subsection.4.3}{\376\377\000E\000m\000o\000t\000i\000o\000n\000\040\000R\000e\000c\000o\000g\000n\000i\000t\000i\000o\000n\000\040\000f\000r\000o\000m\000\040\000S\000p\000e\000e\000c\000h}{section.4}% 7
\BOOKMARK [2][-]{subsection.4.4}{\376\377\000F\000a\000c\000t\000o\000r\000s\000\040\000A\000f\000f\000e\000c\000t\000i\000n\000g\000\040\000T\000e\000c\000h\000n\000o\000l\000o\000g\000y\000\040\000I\000n\000t\000e\000g\000r\000a\000t\000i\000o\000n\000\040\000i\000n\000\040\000t\000h\000e\000\040\000C\000l\000a\000s\000s\000r\000o\000o\000m}{section.4}% 8
\BOOKMARK [2][-]{subsection.4.5}{\376\377\000M\000o\000d\000e\000l\000i\000n\000g\000\040\000l\000e\000a\000r\000n\000e\000r\000s\000'\000\040\000c\000o\000g\000n\000i\000t\000i\000v\000e\000\040\000a\000n\000d\000\040\000a\000f\000f\000e\000c\000t\000i\000v\000e\000\040\000s\000t\000a\000t\000e\000s\000\040\000t\000o\000\040\000s\000c\000a\000f\000f\000o\000l\000d\000\040\000S\000R\000L\000\040\000i\000n\000\040\000o\000p\000e\000n\000-\000e\000n\000d\000e\000d\000\040\000l\000e\000a\000r\000n\000i\000n\000g\000\040\000e\000n\000v\000i\000r\000o\000n\000m\000e\000n\000t\000s}{section.4}% 9
\BOOKMARK [1][-]{section.5}{\376\377\000M\000e\000t\000h\000o\000d\000o\000l\000o\000g\000y}{}% 10
\BOOKMARK [1][-]{section.6}{\376\377\000I\000m\000p\000l\000e\000m\000e\000n\000t\000a\000t\000i\000o\000n}{}% 11
\BOOKMARK [2][-]{subsection.6.1}{\376\377\000F\000o\000r\000e\000w\000o\000r\000d}{section.6}% 12
\BOOKMARK [2][-]{subsection.6.2}{\376\377\000D\000a\000t\000a\000s\000e\000t\000\040\000S\000e\000l\000e\000c\000t\000i\000o\000n\000\040\000a\000n\000d\000\040\000C\000o\000m\000p\000r\000e\000h\000e\000n\000s\000i\000o\000n}{section.6}% 13
\BOOKMARK [2][-]{subsection.6.3}{\376\377\000D\000a\000t\000a\000\040\000P\000r\000o\000c\000e\000s\000s\000i\000n\000g}{section.6}% 14
\BOOKMARK [2][-]{subsection.6.4}{\376\377\000M\000o\000d\000e\000l\000\040\000A\000r\000c\000h\000i\000t\000e\000c\000t\000u\000r\000e\000\040\000\046\000\040\000T\000r\000a\000i\000n\000i\000n\000g}{section.6}% 15
\BOOKMARK [2][-]{subsection.6.5}{\376\377\000T\000e\000s\000t\000i\000n\000g}{section.6}% 16
\BOOKMARK [2][-]{subsection.6.6}{\376\377\000G\000U\000I\000\040\000D\000e\000v\000e\000l\000o\000p\000m\000e\000n\000t}{section.6}% 17
\BOOKMARK [1][-]{section.7}{\376\377\000E\000v\000a\000l\000u\000a\000t\000i\000o\000n}{}% 18
\BOOKMARK [1][-]{section.8}{\376\377\000D\000i\000s\000c\000u\000s\000s\000i\000o\000n}{}% 19
\BOOKMARK [1][-]{section.9}{\376\377\000P\000r\000o\000j\000e\000c\000t\000\040\000M\000a\000n\000a\000g\000e\000m\000e\000n\000t}{}% 20
\BOOKMARK [2][-]{subsection.9.1}{\376\377\000G\000a\000n\000t\000t\000\040\000C\000h\000a\000r\000t}{section.9}% 21
\BOOKMARK [2][-]{subsection.9.2}{\376\377\000P\000r\000e\000s\000e\000n\000t\000a\000t\000i\000o\000n}{section.9}% 22
\BOOKMARK [2][-]{subsection.9.3}{\376\377\000C\000o\000n\000s\000i\000d\000e\000r\000a\000t\000i\000o\000n\000\040\000o\000f\000\040\000s\000o\000c\000i\000a\000l\000,\000\040\000l\000e\000g\000a\000l\000,\000\040\000p\000r\000o\000f\000e\000s\000s\000i\000o\000n\000a\000l\000,\000\040\000a\000n\000d\000\040\000e\000t\000h\000i\000c\000a\000l\000\040\000i\000s\000s\000u\000e\000s}{section.9}% 23
\BOOKMARK [1][-]{section.10}{\376\377\000R\000e\000f\000e\000r\000e\000n\000c\000e\000s}{}% 24
\BOOKMARK [1][-]{section.11}{\376\377\000A\000p\000p\000e\000n\000d\000i\000x}{}% 25
